<?xml version="1.0" encoding="UTF-8"?>
<!-- Generated by org.testng.reporters.JUnitXMLReporter -->
<testsuite hostname="DESKTOP-QPU8RFA" ignored="0" name="WPM_3DASSESTMANAGMENT" tests="2" failures="0" timestamp="2022-10-28T18:14:25 IST" time="90.974" errors="0">
  <testcase name="Invite" time="34.112" classname="com.Assetmanagement.testcases.InviteTestCase"/>
  <testcase name="Signup" time="44.903" classname="com.Assetmanagement.testcases.InviteTestCase"/>
</testsuite> <!-- WPM_3DASSESTMANAGMENT -->
